{"/home/sabidzpro/Desktop/notes-app-back-end/src/handler.js": {"path":"/home/sabidzpro/Desktop/notes-app-back-end/src/handler.js","statementMap":{"0":{"start":{"line":8,"column":19},"end":{"line":8,"column":36}},"1":{"start":{"line":9,"column":14},"end":{"line":9,"column":32}},"2":{"start":{"line":17,"column":23},"end":{"line":57,"column":1}},"3":{"start":{"line":19,"column":45},"end":{"line":19,"column":60}},"4":{"start":{"line":22,"column":13},"end":{"line":22,"column":23}},"5":{"start":{"line":23,"column":20},"end":{"line":23,"column":44}},"6":{"start":{"line":24,"column":20},"end":{"line":24,"column":29}},"7":{"start":{"line":27,"column":18},"end":{"line":29,"column":3}},"8":{"start":{"line":32,"column":2},"end":{"line":32,"column":22}},"9":{"start":{"line":35,"column":20},"end":{"line":35,"column":69}},"10":{"start":{"line":35,"column":43},"end":{"line":35,"column":57}},"11":{"start":{"line":37,"column":2},"end":{"line":48,"column":3}},"12":{"start":{"line":39,"column":21},"end":{"line":45,"column":6}},"13":{"start":{"line":46,"column":4},"end":{"line":46,"column":23}},"14":{"start":{"line":47,"column":4},"end":{"line":47,"column":20}},"15":{"start":{"line":51,"column":19},"end":{"line":54,"column":4}},"16":{"start":{"line":55,"column":2},"end":{"line":55,"column":21}},"17":{"start":{"line":56,"column":2},"end":{"line":56,"column":18}},"18":{"start":{"line":63,"column":27},"end":{"line":68,"column":2}},"19":{"start":{"line":63,"column":34},"end":{"line":68,"column":1}},"20":{"start":{"line":76,"column":27},"end":{"line":100,"column":1}},"21":{"start":{"line":78,"column":17},"end":{"line":78,"column":31}},"22":{"start":{"line":81,"column":15},"end":{"line":81,"column":50}},"23":{"start":{"line":81,"column":35},"end":{"line":81,"column":46}},"24":{"start":{"line":84,"column":2},"end":{"line":91,"column":3}},"25":{"start":{"line":85,"column":4},"end":{"line":90,"column":6}},"26":{"start":{"line":94,"column":19},"end":{"line":97,"column":4}},"27":{"start":{"line":98,"column":2},"end":{"line":98,"column":21}},"28":{"start":{"line":99,"column":2},"end":{"line":99,"column":18}},"29":{"start":{"line":108,"column":28},"end":{"line":145,"column":1}},"30":{"start":{"line":110,"column":17},"end":{"line":110,"column":31}},"31":{"start":{"line":113,"column":32},"end":{"line":113,"column":47}},"32":{"start":{"line":114,"column":20},"end":{"line":114,"column":44}},"33":{"start":{"line":117,"column":16},"end":{"line":117,"column":57}},"34":{"start":{"line":117,"column":42},"end":{"line":117,"column":56}},"35":{"start":{"line":120,"column":2},"end":{"line":136,"column":3}},"36":{"start":{"line":121,"column":4},"end":{"line":127,"column":6}},"37":{"start":{"line":130,"column":21},"end":{"line":133,"column":6}},"38":{"start":{"line":134,"column":4},"end":{"line":134,"column":23}},"39":{"start":{"line":135,"column":4},"end":{"line":135,"column":20}},"40":{"start":{"line":139,"column":19},"end":{"line":142,"column":4}},"41":{"start":{"line":143,"column":2},"end":{"line":143,"column":21}},"42":{"start":{"line":144,"column":2},"end":{"line":144,"column":18}},"43":{"start":{"line":153,"column":30},"end":{"line":180,"column":1}},"44":{"start":{"line":155,"column":17},"end":{"line":155,"column":31}},"45":{"start":{"line":158,"column":16},"end":{"line":158,"column":57}},"46":{"start":{"line":158,"column":42},"end":{"line":158,"column":56}},"47":{"start":{"line":161,"column":2},"end":{"line":171,"column":3}},"48":{"start":{"line":162,"column":4},"end":{"line":162,"column":27}},"49":{"start":{"line":165,"column":21},"end":{"line":168,"column":6}},"50":{"start":{"line":169,"column":4},"end":{"line":169,"column":23}},"51":{"start":{"line":170,"column":4},"end":{"line":170,"column":20}},"52":{"start":{"line":174,"column":19},"end":{"line":177,"column":4}},"53":{"start":{"line":178,"column":2},"end":{"line":178,"column":21}},"54":{"start":{"line":179,"column":2},"end":{"line":179,"column":18}},"55":{"start":{"line":183,"column":0},"end":{"line":189,"column":2}}},"fnMap":{"0":{"name":"(anonymous_0)","decl":{"start":{"line":17,"column":23},"end":{"line":17,"column":24}},"loc":{"start":{"line":17,"column":39},"end":{"line":57,"column":1}},"line":17},"1":{"name":"(anonymous_1)","decl":{"start":{"line":35,"column":33},"end":{"line":35,"column":34}},"loc":{"start":{"line":35,"column":43},"end":{"line":35,"column":57}},"line":35},"2":{"name":"(anonymous_2)","decl":{"start":{"line":63,"column":27},"end":{"line":63,"column":28}},"loc":{"start":{"line":63,"column":34},"end":{"line":68,"column":1}},"line":63},"3":{"name":"(anonymous_3)","decl":{"start":{"line":76,"column":27},"end":{"line":76,"column":28}},"loc":{"start":{"line":76,"column":43},"end":{"line":100,"column":1}},"line":76},"4":{"name":"(anonymous_4)","decl":{"start":{"line":81,"column":28},"end":{"line":81,"column":29}},"loc":{"start":{"line":81,"column":35},"end":{"line":81,"column":46}},"line":81},"5":{"name":"(anonymous_5)","decl":{"start":{"line":108,"column":28},"end":{"line":108,"column":29}},"loc":{"start":{"line":108,"column":44},"end":{"line":145,"column":1}},"line":108},"6":{"name":"(anonymous_6)","decl":{"start":{"line":117,"column":32},"end":{"line":117,"column":33}},"loc":{"start":{"line":117,"column":42},"end":{"line":117,"column":56}},"line":117},"7":{"name":"(anonymous_7)","decl":{"start":{"line":153,"column":30},"end":{"line":153,"column":31}},"loc":{"start":{"line":153,"column":46},"end":{"line":180,"column":1}},"line":153},"8":{"name":"(anonymous_8)","decl":{"start":{"line":158,"column":32},"end":{"line":158,"column":33}},"loc":{"start":{"line":158,"column":42},"end":{"line":158,"column":56}},"line":158}},"branchMap":{"0":{"loc":{"start":{"line":19,"column":10},"end":{"line":19,"column":28}},"type":"default-arg","locations":[{"start":{"line":19,"column":18},"end":{"line":19,"column":28}}],"line":19},"1":{"loc":{"start":{"line":37,"column":2},"end":{"line":48,"column":3}},"type":"if","locations":[{"start":{"line":37,"column":2},"end":{"line":48,"column":3}},{"start":{},"end":{}}],"line":37},"2":{"loc":{"start":{"line":84,"column":2},"end":{"line":91,"column":3}},"type":"if","locations":[{"start":{"line":84,"column":2},"end":{"line":91,"column":3}},{"start":{},"end":{}}],"line":84},"3":{"loc":{"start":{"line":120,"column":2},"end":{"line":136,"column":3}},"type":"if","locations":[{"start":{"line":120,"column":2},"end":{"line":136,"column":3}},{"start":{},"end":{}}],"line":120},"4":{"loc":{"start":{"line":161,"column":2},"end":{"line":171,"column":3}},"type":"if","locations":[{"start":{"line":161,"column":2},"end":{"line":171,"column":3}},{"start":{},"end":{}}],"line":161}},"s":{"0":1,"1":1,"2":1,"3":2,"4":2,"5":2,"6":2,"7":2,"8":2,"9":2,"10":2,"11":2,"12":2,"13":2,"14":2,"15":0,"16":0,"17":0,"18":1,"19":2,"20":1,"21":2,"22":2,"23":1,"24":2,"25":1,"26":1,"27":1,"28":1,"29":1,"30":2,"31":2,"32":2,"33":2,"34":1,"35":2,"36":1,"37":1,"38":1,"39":1,"40":1,"41":1,"42":1,"43":1,"44":2,"45":2,"46":1,"47":2,"48":1,"49":1,"50":1,"51":1,"52":1,"53":1,"54":1,"55":1},"f":{"0":2,"1":2,"2":2,"3":2,"4":1,"5":2,"6":1,"7":2,"8":1},"b":{"0":[1],"1":[2,0],"2":[1,1],"3":[1,1],"4":[1,1]},"_coverageSchema":"1a1c01bbd47fc00a2c39e90264f33305004495a9","hash":"f05beb8df95f9cb2d3f6465c0f3546b9e470b0ad"}
,"/home/sabidzpro/Desktop/notes-app-back-end/src/notes.js": {"path":"/home/sabidzpro/Desktop/notes-app-back-end/src/notes.js","statementMap":{"0":{"start":{"line":18,"column":14},"end":{"line":18,"column":16}},"1":{"start":{"line":21,"column":0},"end":{"line":21,"column":23}}},"fnMap":{},"branchMap":{},"s":{"0":1,"1":1},"f":{},"b":{},"_coverageSchema":"1a1c01bbd47fc00a2c39e90264f33305004495a9","hash":"3a38fc8926f56df5512717c451b7d2f225e69a54"}
}
