TN:
SF:src/handler.js
FN:17,(anonymous_0)
FN:35,(anonymous_1)
FN:63,(anonymous_2)
FN:76,(anonymous_3)
FN:81,(anonymous_4)
FN:108,(anonymous_5)
FN:117,(anonymous_6)
FN:153,(anonymous_7)
FN:158,(anonymous_8)
FNF:9
FNH:9
FNDA:2,(anonymous_0)
FNDA:2,(anonymous_1)
FNDA:2,(anonymous_2)
FNDA:2,(anonymous_3)
FNDA:1,(anonymous_4)
FNDA:2,(anonymous_5)
FNDA:1,(anonymous_6)
FNDA:2,(anonymous_7)
FNDA:1,(anonymous_8)
DA:8,1
DA:9,1
DA:17,1
DA:19,2
DA:22,2
DA:23,2
DA:24,2
DA:27,2
DA:32,2
DA:35,2
DA:37,2
DA:39,2
DA:46,2
DA:47,2
DA:51,0
DA:55,0
DA:56,0
DA:63,2
DA:76,1
DA:78,2
DA:81,2
DA:84,2
DA:85,1
DA:94,1
DA:98,1
DA:99,1
DA:108,1
DA:110,2
DA:113,2
DA:114,2
DA:117,2
DA:120,2
DA:121,1
DA:130,1
DA:134,1
DA:135,1
DA:139,1
DA:143,1
DA:144,1
DA:153,1
DA:155,2
DA:158,2
DA:161,2
DA:162,1
DA:165,1
DA:169,1
DA:170,1
DA:174,1
DA:178,1
DA:179,1
DA:183,1
LF:51
LH:48
BRDA:19,0,0,1
BRDA:37,1,0,2
BRDA:37,1,1,0
BRDA:84,2,0,1
BRDA:84,2,1,1
BRDA:120,3,0,1
BRDA:120,3,1,1
BRDA:161,4,0,1
BRDA:161,4,1,1
BRF:9
BRH:8
end_of_record
TN:
SF:src/notes.js
FNF:0
FNH:0
DA:18,1
DA:21,1
LF:2
LH:2
BRF:0
BRH:0
end_of_record
